<?xml version="1.0" encoding="UTF-8" ?>
<testsuite failures="0" time="0.141" errors="0" skipped="0" tests="3" name="ch.bfh.ti.sed.patmon1.server.controller.impl.SessionStorageTest">
  <properties>
[...]
</properties>
  <testcase time="0.136" classname="ch.bfh.ti.sed.patmon1.server.controller.impl.SessionStorageTest" name="testCreateAndRegisterSession"/>
  <testcase time="0.001" classname="ch.bfh.ti.sed.patmon1.server.controller.impl.SessionStorageTest" name="testDropSession"/>
  <testcase time="0.001" classname="ch.bfh.ti.sed.patmon1.server.controller.impl.SessionStorageTest" name="testValidateSession"/>
</testsuite>